<?xml version="1.0" encoding='ISO-8859-1' standalone='yes' ?>
<TestRun>
  <FailedTests></FailedTests>
  <SuccessfulTests>
    <Test id="1">
      <Name>test_calculator::test_calculator1</Name>
    </Test>
    <Test id="2">
      <Name>test_calculator::test_calculator2</Name>
    </Test>
    <Test id="3">
      <Name>test_calculator::test_calculator3</Name>
    </Test>
  </SuccessfulTests>
  <Statistics>
    <Tests>3</Tests>
    <FailuresTotal>0</FailuresTotal>
    <Errors>0</Errors>
    <Failures>0</Failures>
  </Statistics>
</TestRun>
